2018-05-06 01:22:36,490 - Log4JLogChute initialized using file 'velocity.log'
2018-05-06 01:22:36,490 - Initializing Velocity, Calling init()...
2018-05-06 01:22:36,490 - Starting Apache Velocity v1.7 (compiled: 2010-11-19 12:14:37)
2018-05-06 01:22:36,490 - Default Properties File: org\apache\velocity\runtime\defaults\velocity.properties
2018-05-06 01:22:36,490 - Trying to use logger class org.apache.velocity.runtime.log.AvalonLogChute
2018-05-06 01:22:36,490 - Target log system for org.apache.velocity.runtime.log.AvalonLogChute is not available (java.lang.NoClassDefFoundError: org/apache/log/format/Formatter).  Falling back to next log system...
2018-05-06 01:22:36,490 - Trying to use logger class org.apache.velocity.runtime.log.Log4JLogChute
2018-05-06 01:22:36,490 - Using logger class org.apache.velocity.runtime.log.Log4JLogChute
2018-05-06 01:22:36,493 - ResourceLoader instantiated: org.apache.velocity.runtime.resource.loader.ClasspathResourceLoader
2018-05-06 01:22:36,501 - ResourceCache: initialized (class org.apache.velocity.runtime.resource.ResourceCacheImpl) with class java.util.Collections$SynchronizedMap cache map.
2018-05-06 01:22:36,502 - Loaded System Directive: org.apache.velocity.runtime.directive.Stop
2018-05-06 01:22:36,503 - Loaded System Directive: org.apache.velocity.runtime.directive.Define
2018-05-06 01:22:36,503 - Loaded System Directive: org.apache.velocity.runtime.directive.Break
2018-05-06 01:22:36,504 - Loaded System Directive: org.apache.velocity.runtime.directive.Evaluate
2018-05-06 01:22:36,504 - Loaded System Directive: org.apache.velocity.runtime.directive.Literal
2018-05-06 01:22:36,505 - Loaded System Directive: org.apache.velocity.runtime.directive.Macro
2018-05-06 01:22:36,506 - Loaded System Directive: org.apache.velocity.runtime.directive.Parse
2018-05-06 01:22:36,507 - Loaded System Directive: org.apache.velocity.runtime.directive.Include
2018-05-06 01:22:36,507 - Loaded System Directive: org.apache.velocity.runtime.directive.Foreach
2018-05-06 01:22:36,527 - Created '20' parsers.
2018-05-06 01:22:36,530 - Velocimacro : "velocimacro.library" is not set.  Trying default library: VM_global_library.vm
2018-05-06 01:22:36,531 - Could not load resource 'VM_global_library.vm' from ResourceLoader org.apache.velocity.runtime.resource.loader.ClasspathResourceLoader: ClasspathResourceLoader Error: cannot find resource VM_global_library.vm
2018-05-06 01:22:36,531 - Velocimacro : Default library not found.
2018-05-06 01:22:36,531 - Velocimacro : allowInline = true : VMs can be defined inline in templates
2018-05-06 01:22:36,531 - Velocimacro : allowInlineToOverride = false : VMs defined inline may NOT replace previous VM definitions
2018-05-06 01:22:36,531 - Velocimacro : allowInlineLocal = false : VMs defined inline will be global in scope if allowed.
2018-05-06 01:22:36,531 - Velocimacro : autoload off : VM system will not automatically reload global library macros
2018-05-06 01:22:36,548 - ResourceManager : found /templates/entity.java.vm with loader org.apache.velocity.runtime.resource.loader.ClasspathResourceLoader
2018-05-06 01:22:36,554 - Left side (${versionFieldName}) of '==' operation has null value. If it is a reference, it may not be in the context or its toString() returned null. /templates/entity.java.vm[line 72, column 26]
2018-05-06 01:22:36,554 - Left side (${logicDeleteFieldName}) of '==' operation has null value. If it is a reference, it may not be in the context or its toString() returned null. /templates/entity.java.vm[line 76, column 30]
2018-05-06 01:22:36,554 - Left side (${versionFieldName}) of '==' operation has null value. If it is a reference, it may not be in the context or its toString() returned null. /templates/entity.java.vm[line 72, column 26]
2018-05-06 01:22:36,555 - Left side (${logicDeleteFieldName}) of '==' operation has null value. If it is a reference, it may not be in the context or its toString() returned null. /templates/entity.java.vm[line 76, column 30]
2018-05-06 01:22:36,555 - Left side (${versionFieldName}) of '==' operation has null value. If it is a reference, it may not be in the context or its toString() returned null. /templates/entity.java.vm[line 72, column 26]
2018-05-06 01:22:36,555 - Left side (${logicDeleteFieldName}) of '==' operation has null value. If it is a reference, it may not be in the context or its toString() returned null. /templates/entity.java.vm[line 76, column 30]
2018-05-06 01:22:36,555 - Left side (${versionFieldName}) of '==' operation has null value. If it is a reference, it may not be in the context or its toString() returned null. /templates/entity.java.vm[line 72, column 26]
2018-05-06 01:22:36,555 - Left side (${logicDeleteFieldName}) of '==' operation has null value. If it is a reference, it may not be in the context or its toString() returned null. /templates/entity.java.vm[line 76, column 30]
2018-05-06 01:22:36,555 - Left side (${versionFieldName}) of '==' operation has null value. If it is a reference, it may not be in the context or its toString() returned null. /templates/entity.java.vm[line 72, column 26]
2018-05-06 01:22:36,555 - Left side (${logicDeleteFieldName}) of '==' operation has null value. If it is a reference, it may not be in the context or its toString() returned null. /templates/entity.java.vm[line 76, column 30]
2018-05-06 01:22:36,560 - ResourceManager : found /templates/mapper.java.vm with loader org.apache.velocity.runtime.resource.loader.ClasspathResourceLoader
2018-05-06 01:22:36,562 - ResourceManager : found /templates/mapper.xml.vm with loader org.apache.velocity.runtime.resource.loader.ClasspathResourceLoader
2018-05-06 01:22:36,564 - ResourceManager : found /templates/service.java.vm with loader org.apache.velocity.runtime.resource.loader.ClasspathResourceLoader
2018-05-06 01:22:36,566 - ResourceManager : found /templates/serviceImpl.java.vm with loader org.apache.velocity.runtime.resource.loader.ClasspathResourceLoader
2018-05-06 01:22:36,569 - ResourceManager : found /templates/controller.java.vm with loader org.apache.velocity.runtime.resource.loader.ClasspathResourceLoader
2018-05-06 01:23:05,404 - Log4JLogChute initialized using file 'velocity.log'
2018-05-06 01:23:05,405 - Initializing Velocity, Calling init()...
2018-05-06 01:23:05,405 - Starting Apache Velocity v1.7 (compiled: 2010-11-19 12:14:37)
2018-05-06 01:23:05,405 - Default Properties File: org\apache\velocity\runtime\defaults\velocity.properties
2018-05-06 01:23:05,405 - Trying to use logger class org.apache.velocity.runtime.log.AvalonLogChute
2018-05-06 01:23:05,405 - Target log system for org.apache.velocity.runtime.log.AvalonLogChute is not available (java.lang.NoClassDefFoundError: org/apache/log/format/Formatter).  Falling back to next log system...
2018-05-06 01:23:05,405 - Trying to use logger class org.apache.velocity.runtime.log.Log4JLogChute
2018-05-06 01:23:05,405 - Using logger class org.apache.velocity.runtime.log.Log4JLogChute
2018-05-06 01:23:05,405 - ResourceLoader instantiated: org.apache.velocity.runtime.resource.loader.ClasspathResourceLoader
2018-05-06 01:23:05,405 - ResourceCache: initialized (class org.apache.velocity.runtime.resource.ResourceCacheImpl) with class java.util.Collections$SynchronizedMap cache map.
2018-05-06 01:23:05,405 - Loaded System Directive: org.apache.velocity.runtime.directive.Stop
2018-05-06 01:23:05,405 - Loaded System Directive: org.apache.velocity.runtime.directive.Define
2018-05-06 01:23:05,405 - Loaded System Directive: org.apache.velocity.runtime.directive.Break
2018-05-06 01:23:05,405 - Loaded System Directive: org.apache.velocity.runtime.directive.Evaluate
2018-05-06 01:23:05,405 - Loaded System Directive: org.apache.velocity.runtime.directive.Literal
2018-05-06 01:23:05,405 - Loaded System Directive: org.apache.velocity.runtime.directive.Macro
2018-05-06 01:23:05,405 - Loaded System Directive: org.apache.velocity.runtime.directive.Parse
2018-05-06 01:23:05,405 - Loaded System Directive: org.apache.velocity.runtime.directive.Include
2018-05-06 01:23:05,405 - Loaded System Directive: org.apache.velocity.runtime.directive.Foreach
2018-05-06 01:23:05,406 - Created '20' parsers.
2018-05-06 01:23:05,406 - Velocimacro : "velocimacro.library" is not set.  Trying default library: VM_global_library.vm
2018-05-06 01:23:05,406 - Could not load resource 'VM_global_library.vm' from ResourceLoader org.apache.velocity.runtime.resource.loader.ClasspathResourceLoader: ClasspathResourceLoader Error: cannot find resource VM_global_library.vm
2018-05-06 01:23:05,406 - Velocimacro : Default library not found.
2018-05-06 01:23:05,406 - Velocimacro : allowInline = true : VMs can be defined inline in templates
2018-05-06 01:23:05,407 - Velocimacro : allowInlineToOverride = false : VMs defined inline may NOT replace previous VM definitions
2018-05-06 01:23:05,407 - Velocimacro : allowInlineLocal = false : VMs defined inline will be global in scope if allowed.
2018-05-06 01:23:05,407 - Velocimacro : autoload off : VM system will not automatically reload global library macros
2018-05-06 01:23:05,409 - ResourceManager : found /templates/entity.java.vm with loader org.apache.velocity.runtime.resource.loader.ClasspathResourceLoader
2018-05-06 01:23:05,410 - Left side (${versionFieldName}) of '==' operation has null value. If it is a reference, it may not be in the context or its toString() returned null. /templates/entity.java.vm[line 72, column 26]
2018-05-06 01:23:05,411 - Left side (${logicDeleteFieldName}) of '==' operation has null value. If it is a reference, it may not be in the context or its toString() returned null. /templates/entity.java.vm[line 76, column 30]
2018-05-06 01:23:05,411 - Left side (${versionFieldName}) of '==' operation has null value. If it is a reference, it may not be in the context or its toString() returned null. /templates/entity.java.vm[line 72, column 26]
2018-05-06 01:23:05,411 - Left side (${logicDeleteFieldName}) of '==' operation has null value. If it is a reference, it may not be in the context or its toString() returned null. /templates/entity.java.vm[line 76, column 30]
2018-05-06 01:23:05,411 - Left side (${versionFieldName}) of '==' operation has null value. If it is a reference, it may not be in the context or its toString() returned null. /templates/entity.java.vm[line 72, column 26]
2018-05-06 01:23:05,411 - Left side (${logicDeleteFieldName}) of '==' operation has null value. If it is a reference, it may not be in the context or its toString() returned null. /templates/entity.java.vm[line 76, column 30]
2018-05-06 01:23:05,411 - Left side (${versionFieldName}) of '==' operation has null value. If it is a reference, it may not be in the context or its toString() returned null. /templates/entity.java.vm[line 72, column 26]
2018-05-06 01:23:05,411 - Left side (${logicDeleteFieldName}) of '==' operation has null value. If it is a reference, it may not be in the context or its toString() returned null. /templates/entity.java.vm[line 76, column 30]
2018-05-06 01:23:05,411 - Left side (${versionFieldName}) of '==' operation has null value. If it is a reference, it may not be in the context or its toString() returned null. /templates/entity.java.vm[line 72, column 26]
2018-05-06 01:23:05,411 - Left side (${logicDeleteFieldName}) of '==' operation has null value. If it is a reference, it may not be in the context or its toString() returned null. /templates/entity.java.vm[line 76, column 30]
2018-05-06 01:23:05,412 - ResourceManager : found /templates/mapper.java.vm with loader org.apache.velocity.runtime.resource.loader.ClasspathResourceLoader
2018-05-06 01:23:05,413 - ResourceManager : found /templates/mapper.xml.vm with loader org.apache.velocity.runtime.resource.loader.ClasspathResourceLoader
2018-05-06 01:23:05,414 - ResourceManager : found /templates/service.java.vm with loader org.apache.velocity.runtime.resource.loader.ClasspathResourceLoader
2018-05-06 01:23:05,416 - ResourceManager : found /templates/serviceImpl.java.vm with loader org.apache.velocity.runtime.resource.loader.ClasspathResourceLoader
2018-05-06 01:23:05,416 - ResourceManager : found /templates/controller.java.vm with loader org.apache.velocity.runtime.resource.loader.ClasspathResourceLoader
2018-05-06 01:33:25,083 - Log4JLogChute initialized using file 'velocity.log'
2018-05-06 01:33:25,084 - Initializing Velocity, Calling init()...
2018-05-06 01:33:25,084 - Starting Apache Velocity v1.7 (compiled: 2010-11-19 12:14:37)
2018-05-06 01:33:25,084 - Default Properties File: org\apache\velocity\runtime\defaults\velocity.properties
2018-05-06 01:33:25,084 - Trying to use logger class org.apache.velocity.runtime.log.AvalonLogChute
2018-05-06 01:33:25,084 - Target log system for org.apache.velocity.runtime.log.AvalonLogChute is not available (java.lang.NoClassDefFoundError: org/apache/log/format/Formatter).  Falling back to next log system...
2018-05-06 01:33:25,084 - Trying to use logger class org.apache.velocity.runtime.log.Log4JLogChute
2018-05-06 01:33:25,084 - Using logger class org.apache.velocity.runtime.log.Log4JLogChute
2018-05-06 01:33:25,087 - ResourceLoader instantiated: org.apache.velocity.runtime.resource.loader.ClasspathResourceLoader
2018-05-06 01:33:25,095 - ResourceCache: initialized (class org.apache.velocity.runtime.resource.ResourceCacheImpl) with class java.util.Collections$SynchronizedMap cache map.
2018-05-06 01:33:25,096 - Loaded System Directive: org.apache.velocity.runtime.directive.Stop
2018-05-06 01:33:25,096 - Loaded System Directive: org.apache.velocity.runtime.directive.Define
2018-05-06 01:33:25,097 - Loaded System Directive: org.apache.velocity.runtime.directive.Break
2018-05-06 01:33:25,097 - Loaded System Directive: org.apache.velocity.runtime.directive.Evaluate
2018-05-06 01:33:25,098 - Loaded System Directive: org.apache.velocity.runtime.directive.Literal
2018-05-06 01:33:25,098 - Loaded System Directive: org.apache.velocity.runtime.directive.Macro
2018-05-06 01:33:25,099 - Loaded System Directive: org.apache.velocity.runtime.directive.Parse
2018-05-06 01:33:25,100 - Loaded System Directive: org.apache.velocity.runtime.directive.Include
2018-05-06 01:33:25,101 - Loaded System Directive: org.apache.velocity.runtime.directive.Foreach
2018-05-06 01:33:25,120 - Created '20' parsers.
2018-05-06 01:33:25,124 - Velocimacro : "velocimacro.library" is not set.  Trying default library: VM_global_library.vm
2018-05-06 01:33:25,124 - Could not load resource 'VM_global_library.vm' from ResourceLoader org.apache.velocity.runtime.resource.loader.ClasspathResourceLoader: ClasspathResourceLoader Error: cannot find resource VM_global_library.vm
2018-05-06 01:33:25,124 - Velocimacro : Default library not found.
2018-05-06 01:33:25,124 - Velocimacro : allowInline = true : VMs can be defined inline in templates
2018-05-06 01:33:25,124 - Velocimacro : allowInlineToOverride = false : VMs defined inline may NOT replace previous VM definitions
2018-05-06 01:33:25,124 - Velocimacro : allowInlineLocal = false : VMs defined inline will be global in scope if allowed.
2018-05-06 01:33:25,124 - Velocimacro : autoload off : VM system will not automatically reload global library macros
2018-05-06 01:33:25,141 - ResourceManager : found /templates/entity.java.vm with loader org.apache.velocity.runtime.resource.loader.ClasspathResourceLoader
2018-05-06 01:33:25,147 - Left side (${versionFieldName}) of '==' operation has null value. If it is a reference, it may not be in the context or its toString() returned null. /templates/entity.java.vm[line 72, column 26]
2018-05-06 01:33:25,147 - Left side (${logicDeleteFieldName}) of '==' operation has null value. If it is a reference, it may not be in the context or its toString() returned null. /templates/entity.java.vm[line 76, column 30]
2018-05-06 01:33:25,147 - Left side (${versionFieldName}) of '==' operation has null value. If it is a reference, it may not be in the context or its toString() returned null. /templates/entity.java.vm[line 72, column 26]
2018-05-06 01:33:25,147 - Left side (${logicDeleteFieldName}) of '==' operation has null value. If it is a reference, it may not be in the context or its toString() returned null. /templates/entity.java.vm[line 76, column 30]
2018-05-06 01:33:25,147 - Left side (${versionFieldName}) of '==' operation has null value. If it is a reference, it may not be in the context or its toString() returned null. /templates/entity.java.vm[line 72, column 26]
2018-05-06 01:33:25,147 - Left side (${logicDeleteFieldName}) of '==' operation has null value. If it is a reference, it may not be in the context or its toString() returned null. /templates/entity.java.vm[line 76, column 30]
2018-05-06 01:33:25,147 - Left side (${versionFieldName}) of '==' operation has null value. If it is a reference, it may not be in the context or its toString() returned null. /templates/entity.java.vm[line 72, column 26]
2018-05-06 01:33:25,147 - Left side (${logicDeleteFieldName}) of '==' operation has null value. If it is a reference, it may not be in the context or its toString() returned null. /templates/entity.java.vm[line 76, column 30]
2018-05-06 01:33:25,147 - Left side (${versionFieldName}) of '==' operation has null value. If it is a reference, it may not be in the context or its toString() returned null. /templates/entity.java.vm[line 72, column 26]
2018-05-06 01:33:25,147 - Left side (${logicDeleteFieldName}) of '==' operation has null value. If it is a reference, it may not be in the context or its toString() returned null. /templates/entity.java.vm[line 76, column 30]
2018-05-06 01:33:25,152 - ResourceManager : found /templates/mapper.java.vm with loader org.apache.velocity.runtime.resource.loader.ClasspathResourceLoader
2018-05-06 01:33:25,154 - ResourceManager : found /templates/mapper.xml.vm with loader org.apache.velocity.runtime.resource.loader.ClasspathResourceLoader
2018-05-06 01:33:25,156 - ResourceManager : found /templates/service.java.vm with loader org.apache.velocity.runtime.resource.loader.ClasspathResourceLoader
2018-05-06 01:33:25,157 - ResourceManager : found /templates/serviceImpl.java.vm with loader org.apache.velocity.runtime.resource.loader.ClasspathResourceLoader
2018-05-06 01:33:25,159 - ResourceManager : found /templates/controller.java.vm with loader org.apache.velocity.runtime.resource.loader.ClasspathResourceLoader
2018-05-06 01:35:07,086 - Log4JLogChute initialized using file 'velocity.log'
2018-05-06 01:35:07,086 - Log4JLogChute initialized using file 'velocity.log'
2018-05-06 01:35:07,086 - Initializing Velocity, Calling init()...
2018-05-06 01:35:07,086 - Initializing Velocity, Calling init()...
2018-05-06 01:35:07,086 - Starting Apache Velocity v1.7 (compiled: 2010-11-19 12:14:37)
2018-05-06 01:35:07,086 - Starting Apache Velocity v1.7 (compiled: 2010-11-19 12:14:37)
2018-05-06 01:35:07,086 - Default Properties File: org\apache\velocity\runtime\defaults\velocity.properties
2018-05-06 01:35:07,086 - Default Properties File: org\apache\velocity\runtime\defaults\velocity.properties
2018-05-06 01:35:07,086 - Trying to use logger class org.apache.velocity.runtime.log.AvalonLogChute
2018-05-06 01:35:07,086 - Trying to use logger class org.apache.velocity.runtime.log.AvalonLogChute
2018-05-06 01:35:07,086 - Target log system for org.apache.velocity.runtime.log.AvalonLogChute is not available (java.lang.NoClassDefFoundError: org/apache/log/format/Formatter).  Falling back to next log system...
2018-05-06 01:35:07,086 - Target log system for org.apache.velocity.runtime.log.AvalonLogChute is not available (java.lang.NoClassDefFoundError: org/apache/log/format/Formatter).  Falling back to next log system...
2018-05-06 01:35:07,086 - Trying to use logger class org.apache.velocity.runtime.log.Log4JLogChute
2018-05-06 01:35:07,086 - Trying to use logger class org.apache.velocity.runtime.log.Log4JLogChute
2018-05-06 01:35:07,086 - Using logger class org.apache.velocity.runtime.log.Log4JLogChute
2018-05-06 01:35:07,086 - Using logger class org.apache.velocity.runtime.log.Log4JLogChute
2018-05-06 01:35:07,086 - ResourceLoader instantiated: org.apache.velocity.runtime.resource.loader.ClasspathResourceLoader
2018-05-06 01:35:07,086 - ResourceLoader instantiated: org.apache.velocity.runtime.resource.loader.ClasspathResourceLoader
2018-05-06 01:35:07,086 - ResourceCache: initialized (class org.apache.velocity.runtime.resource.ResourceCacheImpl) with class java.util.Collections$SynchronizedMap cache map.
2018-05-06 01:35:07,086 - ResourceCache: initialized (class org.apache.velocity.runtime.resource.ResourceCacheImpl) with class java.util.Collections$SynchronizedMap cache map.
2018-05-06 01:35:07,087 - Loaded System Directive: org.apache.velocity.runtime.directive.Stop
2018-05-06 01:35:07,087 - Loaded System Directive: org.apache.velocity.runtime.directive.Stop
2018-05-06 01:35:07,087 - Loaded System Directive: org.apache.velocity.runtime.directive.Define
2018-05-06 01:35:07,087 - Loaded System Directive: org.apache.velocity.runtime.directive.Define
2018-05-06 01:35:07,087 - Loaded System Directive: org.apache.velocity.runtime.directive.Break
2018-05-06 01:35:07,087 - Loaded System Directive: org.apache.velocity.runtime.directive.Break
2018-05-06 01:35:07,087 - Loaded System Directive: org.apache.velocity.runtime.directive.Evaluate
2018-05-06 01:35:07,087 - Loaded System Directive: org.apache.velocity.runtime.directive.Evaluate
2018-05-06 01:35:07,087 - Loaded System Directive: org.apache.velocity.runtime.directive.Literal
2018-05-06 01:35:07,087 - Loaded System Directive: org.apache.velocity.runtime.directive.Literal
2018-05-06 01:35:07,087 - Loaded System Directive: org.apache.velocity.runtime.directive.Macro
2018-05-06 01:35:07,087 - Loaded System Directive: org.apache.velocity.runtime.directive.Macro
2018-05-06 01:35:07,087 - Loaded System Directive: org.apache.velocity.runtime.directive.Parse
2018-05-06 01:35:07,087 - Loaded System Directive: org.apache.velocity.runtime.directive.Parse
2018-05-06 01:35:07,087 - Loaded System Directive: org.apache.velocity.runtime.directive.Include
2018-05-06 01:35:07,087 - Loaded System Directive: org.apache.velocity.runtime.directive.Include
2018-05-06 01:35:07,087 - Loaded System Directive: org.apache.velocity.runtime.directive.Foreach
2018-05-06 01:35:07,087 - Loaded System Directive: org.apache.velocity.runtime.directive.Foreach
2018-05-06 01:35:07,087 - Created '20' parsers.
2018-05-06 01:35:07,087 - Created '20' parsers.
2018-05-06 01:35:07,088 - Velocimacro : "velocimacro.library" is not set.  Trying default library: VM_global_library.vm
2018-05-06 01:35:07,088 - Velocimacro : "velocimacro.library" is not set.  Trying default library: VM_global_library.vm
2018-05-06 01:35:07,088 - Could not load resource 'VM_global_library.vm' from ResourceLoader org.apache.velocity.runtime.resource.loader.ClasspathResourceLoader: ClasspathResourceLoader Error: cannot find resource VM_global_library.vm
2018-05-06 01:35:07,088 - Could not load resource 'VM_global_library.vm' from ResourceLoader org.apache.velocity.runtime.resource.loader.ClasspathResourceLoader: ClasspathResourceLoader Error: cannot find resource VM_global_library.vm
2018-05-06 01:35:07,088 - Velocimacro : Default library not found.
2018-05-06 01:35:07,088 - Velocimacro : Default library not found.
2018-05-06 01:35:07,088 - Velocimacro : allowInline = true : VMs can be defined inline in templates
2018-05-06 01:35:07,088 - Velocimacro : allowInline = true : VMs can be defined inline in templates
2018-05-06 01:35:07,088 - Velocimacro : allowInlineToOverride = false : VMs defined inline may NOT replace previous VM definitions
2018-05-06 01:35:07,088 - Velocimacro : allowInlineToOverride = false : VMs defined inline may NOT replace previous VM definitions
2018-05-06 01:35:07,089 - Velocimacro : allowInlineLocal = false : VMs defined inline will be global in scope if allowed.
2018-05-06 01:35:07,089 - Velocimacro : allowInlineLocal = false : VMs defined inline will be global in scope if allowed.
2018-05-06 01:35:07,089 - Velocimacro : autoload off : VM system will not automatically reload global library macros
2018-05-06 01:35:07,089 - Velocimacro : autoload off : VM system will not automatically reload global library macros
2018-05-06 01:35:07,091 - ResourceManager : found /templates/entity.java.vm with loader org.apache.velocity.runtime.resource.loader.ClasspathResourceLoader
2018-05-06 01:35:07,091 - ResourceManager : found /templates/entity.java.vm with loader org.apache.velocity.runtime.resource.loader.ClasspathResourceLoader
2018-05-06 01:35:07,093 - Left side (${versionFieldName}) of '==' operation has null value. If it is a reference, it may not be in the context or its toString() returned null. /templates/entity.java.vm[line 72, column 26]
2018-05-06 01:35:07,093 - Left side (${versionFieldName}) of '==' operation has null value. If it is a reference, it may not be in the context or its toString() returned null. /templates/entity.java.vm[line 72, column 26]
2018-05-06 01:35:07,093 - Left side (${logicDeleteFieldName}) of '==' operation has null value. If it is a reference, it may not be in the context or its toString() returned null. /templates/entity.java.vm[line 76, column 30]
2018-05-06 01:35:07,093 - Left side (${logicDeleteFieldName}) of '==' operation has null value. If it is a reference, it may not be in the context or its toString() returned null. /templates/entity.java.vm[line 76, column 30]
2018-05-06 01:35:07,093 - Left side (${versionFieldName}) of '==' operation has null value. If it is a reference, it may not be in the context or its toString() returned null. /templates/entity.java.vm[line 72, column 26]
2018-05-06 01:35:07,093 - Left side (${versionFieldName}) of '==' operation has null value. If it is a reference, it may not be in the context or its toString() returned null. /templates/entity.java.vm[line 72, column 26]
2018-05-06 01:35:07,093 - Left side (${logicDeleteFieldName}) of '==' operation has null value. If it is a reference, it may not be in the context or its toString() returned null. /templates/entity.java.vm[line 76, column 30]
2018-05-06 01:35:07,093 - Left side (${logicDeleteFieldName}) of '==' operation has null value. If it is a reference, it may not be in the context or its toString() returned null. /templates/entity.java.vm[line 76, column 30]
2018-05-06 01:35:07,093 - Left side (${versionFieldName}) of '==' operation has null value. If it is a reference, it may not be in the context or its toString() returned null. /templates/entity.java.vm[line 72, column 26]
2018-05-06 01:35:07,093 - Left side (${versionFieldName}) of '==' operation has null value. If it is a reference, it may not be in the context or its toString() returned null. /templates/entity.java.vm[line 72, column 26]
2018-05-06 01:35:07,093 - Left side (${logicDeleteFieldName}) of '==' operation has null value. If it is a reference, it may not be in the context or its toString() returned null. /templates/entity.java.vm[line 76, column 30]
2018-05-06 01:35:07,093 - Left side (${logicDeleteFieldName}) of '==' operation has null value. If it is a reference, it may not be in the context or its toString() returned null. /templates/entity.java.vm[line 76, column 30]
2018-05-06 01:35:07,093 - Left side (${versionFieldName}) of '==' operation has null value. If it is a reference, it may not be in the context or its toString() returned null. /templates/entity.java.vm[line 72, column 26]
2018-05-06 01:35:07,093 - Left side (${versionFieldName}) of '==' operation has null value. If it is a reference, it may not be in the context or its toString() returned null. /templates/entity.java.vm[line 72, column 26]
2018-05-06 01:35:07,093 - Left side (${logicDeleteFieldName}) of '==' operation has null value. If it is a reference, it may not be in the context or its toString() returned null. /templates/entity.java.vm[line 76, column 30]
2018-05-06 01:35:07,093 - Left side (${logicDeleteFieldName}) of '==' operation has null value. If it is a reference, it may not be in the context or its toString() returned null. /templates/entity.java.vm[line 76, column 30]
2018-05-06 01:35:07,094 - Left side (${versionFieldName}) of '==' operation has null value. If it is a reference, it may not be in the context or its toString() returned null. /templates/entity.java.vm[line 72, column 26]
2018-05-06 01:35:07,094 - Left side (${versionFieldName}) of '==' operation has null value. If it is a reference, it may not be in the context or its toString() returned null. /templates/entity.java.vm[line 72, column 26]
2018-05-06 01:35:07,094 - Left side (${logicDeleteFieldName}) of '==' operation has null value. If it is a reference, it may not be in the context or its toString() returned null. /templates/entity.java.vm[line 76, column 30]
2018-05-06 01:35:07,094 - Left side (${logicDeleteFieldName}) of '==' operation has null value. If it is a reference, it may not be in the context or its toString() returned null. /templates/entity.java.vm[line 76, column 30]
2018-05-06 01:35:07,095 - ResourceManager : found /templates/mapper.java.vm with loader org.apache.velocity.runtime.resource.loader.ClasspathResourceLoader
2018-05-06 01:35:07,095 - ResourceManager : found /templates/mapper.java.vm with loader org.apache.velocity.runtime.resource.loader.ClasspathResourceLoader
2018-05-06 01:35:07,096 - ResourceManager : found /templates/mapper.xml.vm with loader org.apache.velocity.runtime.resource.loader.ClasspathResourceLoader
2018-05-06 01:35:07,096 - ResourceManager : found /templates/mapper.xml.vm with loader org.apache.velocity.runtime.resource.loader.ClasspathResourceLoader
2018-05-06 01:35:07,097 - ResourceManager : found /templates/service.java.vm with loader org.apache.velocity.runtime.resource.loader.ClasspathResourceLoader
2018-05-06 01:35:07,097 - ResourceManager : found /templates/service.java.vm with loader org.apache.velocity.runtime.resource.loader.ClasspathResourceLoader
2018-05-06 01:35:07,098 - ResourceManager : found /templates/serviceImpl.java.vm with loader org.apache.velocity.runtime.resource.loader.ClasspathResourceLoader
2018-05-06 01:35:07,098 - ResourceManager : found /templates/serviceImpl.java.vm with loader org.apache.velocity.runtime.resource.loader.ClasspathResourceLoader
2018-05-06 01:35:07,099 - ResourceManager : found /templates/controller.java.vm with loader org.apache.velocity.runtime.resource.loader.ClasspathResourceLoader
2018-05-06 01:35:07,099 - ResourceManager : found /templates/controller.java.vm with loader org.apache.velocity.runtime.resource.loader.ClasspathResourceLoader
